<?xml version="1.0" encoding="UTF-8" ?>
<testsuite errors="0" failures="0" hostname="C650N178" name="at.fhj.itm.SeleniumWebdriverTest" tests="2" time="23.139" timestamp="2015-11-16T21:26:54">
  <properties>
[...]
</properties>
  <testcase classname="at.fhj.itm.SeleniumWebdriverTest" name="testJunitGoogleWebdriver" time="10.917" />
  <testcase classname="at.fhj.itm.SeleniumWebdriverTest" name="testJunitGoogleWebdriverXPath" time="12.019" />
  <system-out><![CDATA[]]></system-out>
  <system-err><![CDATA[]]></system-err>
</testsuite>
